<?xml version="1.0" encoding="UTF-8"?>
<testng-results skipped="0" failed="0" ignored="0" total="1" passed="1">
  <reporter-output>
  </reporter-output>
  <suite name="Suite" duration-ms="19648" started-at="2022-08-26T00:45:57 IST" finished-at="2022-08-26T00:46:17 IST">
    <groups>
    </groups>
    <test name="Test" duration-ms="19648" started-at="2022-08-26T00:45:57 IST" finished-at="2022-08-26T00:46:17 IST">
      <class name="PageObjectModel.VerificationClass">
        <test-method status="PASS" signature="kabbadi()[pri:0, instance:PageObjectModel.VerificationClass@18bf3d14]" name="kabbadi" duration-ms="19516" started-at="2022-08-26T00:45:57 IST" finished-at="2022-08-26T00:46:17 IST">
          <reporter-output>
          </reporter-output>
        </test-method> <!-- kabbadi -->
      </class> <!-- PageObjectModel.VerificationClass -->
    </test> <!-- Test -->
  </suite> <!-- Suite -->
</testng-results>
